[debug] [2023-06-17T17:57:18.480Z] ----------------------------------------------------------------------
[debug] [2023-06-17T17:57:18.481Z] Command:       /usr/local/bin/node /Users/ivan/dev/npm-global/bin/firebase deploy --only hosting
[debug] [2023-06-17T17:57:18.481Z] CLI Version:   11.25.3
[debug] [2023-06-17T17:57:18.481Z] Platform:      darwin
[debug] [2023-06-17T17:57:18.481Z] Node Version:  v18.14.0
[debug] [2023-06-17T17:57:18.482Z] Time:          Sat Jun 17 2023 19:57:18 GMT+0200 (Central European Summer Time)
[debug] [2023-06-17T17:57:18.482Z] ----------------------------------------------------------------------
[debug] 
[debug] [2023-06-17T17:57:18.515Z] > command requires scopes: ["email","openid","https://www.googleapis.com/auth/cloudplatformprojects.readonly","https://www.googleapis.com/auth/firebase","https://www.googleapis.com/auth/cloud-platform"]
[debug] [2023-06-17T17:57:18.516Z] > authorizing via signed-in user (ivan.gandacov@gmail.com)
[debug] [2023-06-17T17:57:18.516Z] [iam] checking project eventpin-7bde7 for permissions ["firebase.projects.get","firebasehosting.sites.update"]
[debug] [2023-06-17T17:57:18.516Z] > refreshing access token with scopes: []
[debug] [2023-06-17T17:57:18.517Z] >>> [apiv2][query] POST https://www.googleapis.com/oauth2/v3/token [none]
[debug] [2023-06-17T17:57:18.517Z] >>> [apiv2][body] POST https://www.googleapis.com/oauth2/v3/token [omitted]
[debug] [2023-06-17T17:57:18.637Z] <<< [apiv2][status] POST https://www.googleapis.com/oauth2/v3/token 200
[debug] [2023-06-17T17:57:18.638Z] <<< [apiv2][body] POST https://www.googleapis.com/oauth2/v3/token [omitted]
[debug] [2023-06-17T17:57:18.648Z] >>> [apiv2][query] POST https://cloudresourcemanager.googleapis.com/v1/projects/eventpin-7bde7:testIamPermissions [none]
[debug] [2023-06-17T17:57:18.648Z] >>> [apiv2][(partial)header] POST https://cloudresourcemanager.googleapis.com/v1/projects/eventpin-7bde7:testIamPermissions x-goog-quota-user=projects/eventpin-7bde7
[debug] [2023-06-17T17:57:18.648Z] >>> [apiv2][body] POST https://cloudresourcemanager.googleapis.com/v1/projects/eventpin-7bde7:testIamPermissions {"permissions":["firebase.projects.get","firebasehosting.sites.update"]}
[debug] [2023-06-17T17:57:19.402Z] <<< [apiv2][status] POST https://cloudresourcemanager.googleapis.com/v1/projects/eventpin-7bde7:testIamPermissions 200
[debug] [2023-06-17T17:57:19.402Z] <<< [apiv2][body] POST https://cloudresourcemanager.googleapis.com/v1/projects/eventpin-7bde7:testIamPermissions {"permissions":["firebase.projects.get","firebasehosting.sites.update"]}
[debug] [2023-06-17T17:57:19.403Z] >>> [apiv2][query] GET https://firebase.googleapis.com/v1beta1/projects/eventpin-7bde7 [none]
[debug] [2023-06-17T17:57:19.633Z] <<< [apiv2][status] GET https://firebase.googleapis.com/v1beta1/projects/eventpin-7bde7 200
[debug] [2023-06-17T17:57:19.633Z] <<< [apiv2][body] GET https://firebase.googleapis.com/v1beta1/projects/eventpin-7bde7 {"projectId":"eventpin-7bde7","projectNumber":"554049445591","displayName":"eventpin","name":"projects/eventpin-7bde7","resources":{"hostingSite":"eventpin-7bde7"},"state":"ACTIVE","etag":"1_c2711dfa-dd08-47db-abd2-63b06cb4dc6f"}
[info] 
[info] === Deploying to 'eventpin-7bde7'...
[info] 
[info] i  deploying hosting 
[debug] [2023-06-17T17:57:19.635Z] >>> [apiv2][query] POST https://firebasehosting.googleapis.com/v1beta1/projects/-/sites/eventpin-7bde7/versions [none]
[debug] [2023-06-17T17:57:19.635Z] >>> [apiv2][body] POST https://firebasehosting.googleapis.com/v1beta1/projects/-/sites/eventpin-7bde7/versions {"status":"CREATED","labels":{"deployment-tool":"cli-firebase"}}
